[23:28:06 - main] [Cooja.java:1317] [INFO] - > Starting Cooja
[23:28:06 - main] [Cooja.java:2858] [INFO] - External tools default settings: /external_tools_linux_64.config
[23:28:06 - main] [Cooja.java:2888] [INFO] - External tools user settings: /home/mmehari/.cooja.user.properties
[23:28:06 - main] [Simulation.java:422] [INFO] - Simulation random seed: -6530010575812191985
[23:28:06 - main] [MspMote.java:242] [INFO] - Loading firmware from: /home/mmehari/contiki/examples/rime/single-hop_WSN.rm090
[23:28:06 - main] [MspMote.java:242] [INFO] - Loading firmware from: /home/mmehari/contiki/examples/rime/single-hop_WSN.rm090
[23:28:06 - main] [MspMote.java:242] [INFO] - Loading firmware from: /home/mmehari/contiki/examples/rime/single-hop_WSN.rm090
[23:28:06 - Thread-0] [simTimerServer.java:59] [INFO] - Creating server for simTimer service. Listening on port 33207
[23:28:06 - Thread-1] [SerialPortDiscoveryServer.java:21] [INFO] - Creating server for serial2pty serial port discovery. Listening on port 39121
[23:28:07 - main] [ScriptRunner.java:430] [INFO] - Test script deactivated
[23:28:07 - main] [LogScriptEngine.java:265] [INFO] - Script timeout in 1000000000000 ms
[23:28:08 - main] [ScriptRunner.java:387] [INFO] - Test script activated
[23:28:08 - Thread-10] [Simulation.java:253] [INFO] - Simulation main loop started, system time: 1498080488112
[23:28:09 - Thread-10] [MspMote.java:231] [DEBUG] - 3@ 45655/1145655 TimerA0: Assigning Port: 1 pin: 4 for capture
[23:28:09 - Thread-10] [MspMote.java:231] [DEBUG] - 1@ 24900/79245 TimerA0: Assigning Port: 1 pin: 4 for capture
[23:28:09 - Thread-10] [UDGM.java:342] [INFO] - Source = [18.0,2.0]
[23:28:09 - Thread-10] [UDGM.java:343] [INFO] - Sink   = [6.0,2.0]
[23:31:30 - Thread-10] [UDGM.java:342] [INFO] - Source = [18.0,2.0]
[23:31:30 - Thread-10] [UDGM.java:343] [INFO] - Sink   = [12.0,2.0]
[23:31:30 - Thread-10] [MspMote.java:231] [DEBUG] - 2@ 25605/  705 TimerA0: Assigning Port: 1 pin: 4 for capture
